single_network_multiplayer_2_18_imported/app/build/outputs/apk/manifest-merger-debug-report.txt
-- Merging decision tree log ---
manifest
ADDED from AndroidManifest.xml:2:1
	package
		ADDED from AndroidManifest.xml:2:70
		INJECTED from AndroidManifest.xml:0:0
		INJECTED from AndroidManifest.xml:0:0
	android:versionName
		ADDED from AndroidManifest.xml:3:37
	android:versionCode
		ADDED from AndroidManifest.xml:3:63
		INJECTED from AndroidManifest.xml:0:0
		INJECTED from AndroidManifest.xml:0:0
	xmlns:android
		ADDED from AndroidManifest.xml:2:11
	android:installLocation
		ADDED from AndroidManifest.xml:3:87
	android:theme
		ADDED from AndroidManifest.xml:3:5
supports-screens
ADDED from AndroidManifest.xml:4:5
	android:largeScreens
		ADDED from AndroidManifest.xml:4:80
	android:smallScreens
		ADDED from AndroidManifest.xml:4:23
	android:normalScreens
		ADDED from AndroidManifest.xml:4:51
	android:xlargeScreens
		ADDED from AndroidManifest.xml:5:9
	android:anyDensity
		ADDED from AndroidManifest.xml:5:38
application
ADDED from AndroidManifest.xml:6:5
MERGED from com.google.android.gms:play-services:6.1.71:16:5
MERGED from com.android.support:support-v4:21.0.0:16:5
MERGED from com.android.support:appcompat-v7:21.0.0:16:5
MERGED from com.android.support:support-v4:21.0.0:16:5
	android:label
		ADDED from AndroidManifest.xml:6:52
	android:icon
		ADDED from AndroidManifest.xml:6:18
activity#com.fudgeProductName.kik.UnityPlayerNativeActivity
ADDED from AndroidManifest.xml:7:9
	android:process
		ADDED from AndroidManifest.xml:9:13
	android:screenOrientation
		ADDED from AndroidManifest.xml:8:13
	android:label
		ADDED from AndroidManifest.xml:7:19
	android:launchMode
		ADDED from AndroidManifest.xml:10:13
	android:configChanges
		ADDED from AndroidManifest.xml:11:13
	android:name
		ADDED from AndroidManifest.xml:12:13
intent-filter#android.intent.action.MAIN+android.intent.category.LAUNCHER+android.intent.category.LEANBACK_LAUNCHER
ADDED from AndroidManifest.xml:13:13
action#android.intent.action.MAIN
ADDED from AndroidManifest.xml:14:17
	android:name
		ADDED from AndroidManifest.xml:14:25
category#android.intent.category.LAUNCHER
ADDED from AndroidManifest.xml:15:17
	android:name
		ADDED from AndroidManifest.xml:15:27
category#android.intent.category.LEANBACK_LAUNCHER
ADDED from AndroidManifest.xml:16:17
	android:name
		ADDED from AndroidManifest.xml:16:27
meta-data#unityplayer.UnityActivity
ADDED from AndroidManifest.xml:18:13
	android:value
		ADDED from AndroidManifest.xml:18:65
	android:name
		ADDED from AndroidManifest.xml:18:24
meta-data#unityplayer.ForwardNativeEventsToDalvik
ADDED from AndroidManifest.xml:19:13
	android:value
		ADDED from AndroidManifest.xml:19:79
	android:name
		ADDED from AndroidManifest.xml:19:24
activity#com.fudgeProductName.kik.LoginActivity
ADDED from AndroidManifest.xml:25:9
	android:label
		ADDED from AndroidManifest.xml:26:13
	android:configChanges
		ADDED from AndroidManifest.xml:27:13
	android:name
		ADDED from AndroidManifest.xml:28:13
uses-sdk
ADDED from AndroidManifest.xml:35:5
MERGED from com.google.android.gms:play-services:6.1.71:15:5
MERGED from com.android.support:support-v4:21.0.0:15:5
MERGED from com.android.support:appcompat-v7:21.0.0:15:5
MERGED from com.android.support:support-v4:21.0.0:15:5
	android:targetSdkVersion
		ADDED from AndroidManifest.xml:35:41
		INJECTED from AndroidManifest.xml:0:0
		INJECTED from AndroidManifest.xml:0:0
	android:minSdkVersion
		ADDED from AndroidManifest.xml:35:15
		INJECTED from AndroidManifest.xml:0:0
		INJECTED from AndroidManifest.xml:0:0
uses-feature#0x00020000
ADDED from AndroidManifest.xml:36:5
	android:glEsVersion
		ADDED from AndroidManifest.xml:36:19
uses-permission#android.permission.INTERNET
ADDED from AndroidManifest.xml:37:5
	android:name
		ADDED from AndroidManifest.xml:37:22
uses-permission#android.permission.VIBRATE
ADDED from AndroidManifest.xml:39:5
	android:name
		ADDED from AndroidManifest.xml:39:22
uses-feature#there.isnt.a.vibrate.feature
ADDED from AndroidManifest.xml:40:5
	android:required
		ADDED from AndroidManifest.xml:41:9
	android:name
		ADDED from AndroidManifest.xml:40:19
uses-permission#android.permission.WRITE_EXTERNAL_STORAGE
ADDED from AndroidManifest.xml:43:5
	android:name
		ADDED from AndroidManifest.xml:43:22
uses-feature#android.hardware.touchscreen
ADDED from AndroidManifest.xml:44:5
	android:required
		ADDED from AndroidManifest.xml:44:63
	android:name
		ADDED from AndroidManifest.xml:44:19
uses-feature#android.hardware.touchscreen.multitouch
ADDED from AndroidManifest.xml:45:5
	android:required
		ADDED from AndroidManifest.xml:45:74
	android:name
		ADDED from AndroidManifest.xml:45:19
uses-feature#android.hardware.touchscreen.multitouch.distinct
ADDED from AndroidManifest.xml:46:5
	android:required
		ADDED from AndroidManifest.xml:46:83
	android:name
		ADDED from AndroidManifest.xml:46:19